This file contains any messages produced by compilers while
running configure, to aid debugging if configure makes a mistake.

It was created by LLVM configure 3.3svn, which was
generated by GNU Autoconf 2.60.  Invocation command line was

  $ ./configure --prefix=/zfs/jackpot/Projects/libc/build/sysroot/usr --host=x86_64-unknown-redox --target=x86_64-unknown-redox --enable-static --disable-shared --disable-dlopen --enable-languages=c

## --------- ##
## Platform. ##
## --------- ##

hostname = jackdesk
uname -m = x86_64
uname -r = 4.8.0-32-generic
uname -s = Linux
uname -v = #34-Ubuntu SMP Tue Dec 13 14:30:43 UTC 2016

/usr/bin/uname -p = unknown
/bin/uname -X     = unknown

/bin/arch              = unknown
/usr/bin/arch -k       = unknown
/usr/convex/getsysinfo = unknown
/usr/bin/hostinfo      = unknown
/bin/machine           = unknown
/usr/bin/oslevel       = unknown
/bin/universe          = unknown

PATH: /zfs/jackpot/Projects/libc/build/prefix/bin
PATH: /home/jackpot/.cargo/bin
PATH: /home/jackpot/bin
PATH: /usr/local/sbin
PATH: /usr/local/bin
PATH: /usr/sbin
PATH: /usr/bin
PATH: /sbin
PATH: /bin
PATH: /usr/games
PATH: /usr/local/games
PATH: /snap/bin


## ----------- ##
## Core tests. ##
## ----------- ##

configure:1996: checking for x86_64-unknown-redox-clang
configure:2023: result: x86_64-elf-redox-gcc
configure:2103: checking for C compiler version
configure:2110: x86_64-elf-redox-gcc --version >&5
x86_64-elf-redox-gcc (GCC) 7.0.0 20161101 (experimental)
Copyright (C) 2016 Free Software Foundation, Inc.
This is free software; see the source for copying conditions.  There is NO
warranty; not even for MERCHANTABILITY or FITNESS FOR A PARTICULAR PURPOSE.

configure:2113: $? = 0
configure:2120: x86_64-elf-redox-gcc -v >&5
Using built-in specs.
COLLECT_GCC=x86_64-elf-redox-gcc
COLLECT_LTO_WRAPPER=/zfs/jackpot/Projects/libc/build/prefix/libexec/gcc/x86_64-elf-redox/7.0.0/lto-wrapper
Target: x86_64-elf-redox
Configured with: /zfs/jackpot/Projects/libc/gcc/configure --target=x86_64-elf-redox --prefix=/zfs/jackpot/Projects/libc/build/prefix --with-sysroot=/zfs/jackpot/Projects/libc/build/sysroot --disable-nls --enable-languages=c,c++
Thread model: single
gcc version 7.0.0 20161101 (experimental) (GCC) 
configure:2123: $? = 0
configure:2130: x86_64-elf-redox-gcc -V >&5
x86_64-elf-redox-gcc: error: unrecognized command line option '-V'
x86_64-elf-redox-gcc: fatal error: no input files
compilation terminated.
configure:2133: $? = 1
configure:2156: checking for C compiler default output file name
configure:2183: x86_64-elf-redox-gcc    conftest.c  >&5
configure:2186: $? = 0
configure:2232: result: a.out
configure:2237: checking whether the C compiler works
configure:2247: ./a.out
./configure: line 2248:  2644 Segmentation fault      (core dumped) ./$ac_file
configure:2250: $? = 139
configure:2267: result: yes
configure:2274: checking whether we are cross compiling
configure:2276: result: yes
configure:2279: checking for suffix of executables
configure:2286: x86_64-elf-redox-gcc -o conftest    conftest.c  >&5
configure:2289: $? = 0
configure:2313: result: 
configure:2319: checking for suffix of object files
configure:2345: x86_64-elf-redox-gcc -c   conftest.c >&5
configure:2348: $? = 0
configure:2371: result: o
configure:2375: checking whether we are using the GNU C compiler
configure:2404: x86_64-elf-redox-gcc -c   conftest.c >&5
configure:2410: $? = 0
configure:2417: test -z "$ac_c_werror_flag" || test ! -s conftest.err
configure:2420: $? = 0
configure:2427: test -s conftest.o
configure:2430: $? = 0
configure:2444: result: yes
configure:2449: checking whether x86_64-elf-redox-gcc accepts -g
configure:2479: x86_64-elf-redox-gcc -c -g  conftest.c >&5
configure:2485: $? = 0
configure:2492: test -z "$ac_c_werror_flag" || test ! -s conftest.err
configure:2495: $? = 0
configure:2502: test -s conftest.o
configure:2505: $? = 0
configure:2635: result: yes
configure:2652: checking for x86_64-elf-redox-gcc option to accept ISO C89
configure:2726: x86_64-elf-redox-gcc  -c   conftest.c >&5
configure:2732: $? = 0
configure:2739: test -z "$ac_c_werror_flag" || test ! -s conftest.err
configure:2742: $? = 0
configure:2749: test -s conftest.o
configure:2752: $? = 0
configure:2772: result: none needed
configure:2906: checking for C++ compiler version
configure:2913: x86_64-elf-redox-g++ --version >&5
x86_64-elf-redox-g++ (GCC) 7.0.0 20161101 (experimental)
Copyright (C) 2016 Free Software Foundation, Inc.
This is free software; see the source for copying conditions.  There is NO
warranty; not even for MERCHANTABILITY or FITNESS FOR A PARTICULAR PURPOSE.

configure:2916: $? = 0
configure:2923: x86_64-elf-redox-g++ -v >&5
Using built-in specs.
COLLECT_GCC=x86_64-elf-redox-g++
COLLECT_LTO_WRAPPER=/zfs/jackpot/Projects/libc/build/prefix/libexec/gcc/x86_64-elf-redox/7.0.0/lto-wrapper
Target: x86_64-elf-redox
Configured with: /zfs/jackpot/Projects/libc/gcc/configure --target=x86_64-elf-redox --prefix=/zfs/jackpot/Projects/libc/build/prefix --with-sysroot=/zfs/jackpot/Projects/libc/build/sysroot --disable-nls --enable-languages=c,c++
Thread model: single
gcc version 7.0.0 20161101 (experimental) (GCC) 
configure:2926: $? = 0
configure:2933: x86_64-elf-redox-g++ -V >&5
x86_64-elf-redox-g++: error: unrecognized command line option '-V'
x86_64-elf-redox-g++: fatal error: no input files
compilation terminated.
configure:2936: $? = 1
configure:2939: checking whether we are using the GNU C++ compiler
configure:2968: x86_64-elf-redox-g++ -c   conftest.cpp >&5
configure:2974: $? = 0
configure:2981: test -z "$ac_cxx_werror_flag" || test ! -s conftest.err
configure:2984: $? = 0
configure:2991: test -s conftest.o
configure:2994: $? = 0
configure:3008: result: yes
configure:3013: checking whether x86_64-elf-redox-g++ accepts -g
configure:3043: x86_64-elf-redox-g++ -c -g  conftest.cpp >&5
configure:3049: $? = 0
configure:3056: test -z "$ac_cxx_werror_flag" || test ! -s conftest.err
configure:3059: $? = 0
configure:3066: test -s conftest.o
configure:3069: $? = 0
configure:3199: result: yes
configure:3227: checking how to run the C preprocessor
configure:3267: x86_64-elf-redox-gcc -E  conftest.c
configure:3273: $? = 0
configure:3311: x86_64-elf-redox-gcc -E  conftest.c
conftest.c:10:10: fatal error: ac_nonexistent.h: No such file or directory
 #include <ac_nonexistent.h>
          ^~~~~~~~~~~~~~~~~~
compilation terminated.
configure:3317: $? = 1
configure: failed program was:
| /* confdefs.h.  */
| #define PACKAGE_NAME "LLVM"
| #define PACKAGE_TARNAME "llvm"
| #define PACKAGE_VERSION "3.3svn"
| #define PACKAGE_STRING "LLVM 3.3svn"
| #define PACKAGE_BUGREPORT "http://llvm.org/bugs/"
| #define LLVM_VERSION_MAJOR 3
| #define LLVM_VERSION_MINOR 3
| /* end confdefs.h.  */
| #include <ac_nonexistent.h>
configure:3357: result: x86_64-elf-redox-gcc -E
configure:3386: x86_64-elf-redox-gcc -E  conftest.c
configure:3392: $? = 0
configure:3430: x86_64-elf-redox-gcc -E  conftest.c
conftest.c:10:10: fatal error: ac_nonexistent.h: No such file or directory
 #include <ac_nonexistent.h>
          ^~~~~~~~~~~~~~~~~~
compilation terminated.
configure:3436: $? = 1
configure: failed program was:
| /* confdefs.h.  */
| #define PACKAGE_NAME "LLVM"
| #define PACKAGE_TARNAME "llvm"
| #define PACKAGE_VERSION "3.3svn"
| #define PACKAGE_STRING "LLVM 3.3svn"
| #define PACKAGE_BUGREPORT "http://llvm.org/bugs/"
| #define LLVM_VERSION_MAJOR 3
| #define LLVM_VERSION_MINOR 3
| /* end confdefs.h.  */
| #include <ac_nonexistent.h>
configure:3668: checking build system type
configure:3686: result: x86_64-unknown-linux-gnu
configure:3708: checking host system type
configure:3723: result: x86_64-unknown-redox
configure:3745: checking target system type
configure:3760: result: x86_64-unknown-redox
configure:3789: checking type of operating system we're going to host on
configure:3902: result: Unknown
configure:3905: checking type of operating system we're going to target
configure:3959: result: Redox
configure:3963: error: Operating system is unknown, configure can't continue

## ---------------- ##
## Cache variables. ##
## ---------------- ##

ac_cv_build=x86_64-unknown-linux-gnu
ac_cv_c_compiler_gnu=yes
ac_cv_cxx_compiler_gnu=yes
ac_cv_env_CCC_set=
ac_cv_env_CCC_value=
ac_cv_env_CC_set=set
ac_cv_env_CC_value=x86_64-elf-redox-gcc
ac_cv_env_CFLAGS_set=
ac_cv_env_CFLAGS_value=
ac_cv_env_CPPFLAGS_set=
ac_cv_env_CPPFLAGS_value=
ac_cv_env_CPP_set=
ac_cv_env_CPP_value=
ac_cv_env_CXXFLAGS_set=
ac_cv_env_CXXFLAGS_value=
ac_cv_env_CXX_set=set
ac_cv_env_CXX_value=x86_64-elf-redox-g++
ac_cv_env_LDFLAGS_set=
ac_cv_env_LDFLAGS_value=
ac_cv_env_build_alias_set=
ac_cv_env_build_alias_value=
ac_cv_env_host_alias_set=set
ac_cv_env_host_alias_value=x86_64-unknown-redox
ac_cv_env_target_alias_set=set
ac_cv_env_target_alias_value=x86_64-unknown-redox
ac_cv_host=x86_64-unknown-redox
ac_cv_objext=o
ac_cv_prog_CC=x86_64-elf-redox-gcc
ac_cv_prog_CPP='x86_64-elf-redox-gcc -E'
ac_cv_prog_cc_c89=
ac_cv_prog_cc_g=yes
ac_cv_prog_cxx_g=yes
ac_cv_target=x86_64-unknown-redox
llvm_cv_link_all_option=
llvm_cv_no_link_all_option=
llvm_cv_os_type=Unknown
llvm_cv_platform_type=Unknown
llvm_cv_target_os_type=Redox

## ----------------- ##
## Output variables. ##
## ----------------- ##

ALL_BINDINGS=''
AR='x86_64-elf-redox-ar'
ARCH=''
BINDINGS_TO_BUILD=''
BINPWD=''
BINUTILS_INCDIR=''
BUILD_CC=''
BUILD_CXX=''
BUILD_EXEEXT=''
BZIP2=''
CAT=''
CC='x86_64-elf-redox-gcc'
CFLAGS=''
CIRCO=''
CLANG_SRC_ROOT=''
CMP=''
CONVENIENCE_LTDL_FALSE=''
CONVENIENCE_LTDL_TRUE=''
COVERED_SWITCH_DEFAULT=''
CP=''
CPP='x86_64-elf-redox-gcc -E'
CPPFLAGS=''
CVSBUILD=''
CXX='x86_64-elf-redox-g++'
CXXFLAGS=''
DATE=''
DEBUG_RUNTIME=''
DEBUG_SYMBOLS=''
DEFS=''
DISABLE_ASSERTIONS=''
DOT=''
DOTTY=''
DOXYGEN=''
ECHO_C=''
ECHO_N='-n'
ECHO_T=''
EGREP=''
ENABLE_BACKTRACES=''
ENABLE_CLANG_ARCMT=''
ENABLE_CLANG_REWRITER=''
ENABLE_CLANG_STATIC_ANALYZER=''
ENABLE_CXX11=''
ENABLE_DOCS=''
ENABLE_DOXYGEN=''
ENABLE_EMBED_STDCXX=''
ENABLE_EXPENSIVE_CHECKS=''
ENABLE_LIBCPP=''
ENABLE_OPTIMIZED=''
ENABLE_PIC=''
ENABLE_POLLY='1'
ENABLE_PROFILING=''
ENABLE_PTHREADS=''
ENABLE_SHARED=''
ENABLE_TIMESTAMPS=''
ENABLE_VISIBILITY_INLINES_HIDDEN=''
ENABLE_WERROR=''
ENDIAN=''
EXEEXT=''
EXPENSIVE_CHECKS=''
EXTRA_LD_OPTIONS=''
EXTRA_OPTIONS=''
FDP=''
FIND=''
GAS=''
GRAPHVIZ=''
GREP=''
GROFF=''
GV=''
GZIPBIN=''
HAVE_LINK_VERSION_SCRIPT=''
HAVE_PTHREAD=''
HOST_ARCH=''
HOST_OS=''
HUGE_VAL_SANITY=''
INSTALL_DATA=''
INSTALL_LTDL_FALSE=''
INSTALL_LTDL_TRUE=''
INSTALL_PROGRAM=''
INSTALL_SCRIPT=''
INTERNAL_PREFIX=''
JIT=''
KEEP_SYMBOLS=''
LDFLAGS=''
LIBADD_DL=''
LIBOBJS=''
LIBS=''
LIBXML2_INC=''
LIBXML2_LIBS=''
LINKALL=''
LLVM_BINDIR=''
LLVM_CONFIGTIME=''
LLVM_COPYRIGHT='Copyright (c) 2003-2013 University of Illinois at Urbana-Champaign.'
LLVM_CROSS_COMPILING=''
LLVM_DATADIR=''
LLVM_DOCSDIR=''
LLVM_ENABLE_THREADS=''
LLVM_ENUM_ASM_PARSERS=''
LLVM_ENUM_ASM_PRINTERS=''
LLVM_ENUM_DISASSEMBLERS=''
LLVM_ENUM_TARGETS=''
LLVM_ETCDIR=''
LLVM_HAS_POLLY=''
LLVM_INCLUDEDIR=''
LLVM_INFODIR=''
LLVM_LIBDIR=''
LLVM_MANDIR=''
LLVM_ON_UNIX=''
LLVM_ON_WIN32=''
LLVM_PREFIX=''
LN_S=''
LTLIBOBJS=''
MKDIR=''
MMAP_FILE=''
MV=''
NEATO=''
NM='x86_64-elf-redox-nm'
NOLINKALL=''
NO_MAYBE_UNINITIALIZED=''
NO_MISSING_FIELD_INITIALIZERS=''
NO_UNINITIALIZED=''
NO_VARIADIC_MACROS=''
OBJEXT='o'
OCAMLC=''
OCAMLDEP=''
OCAMLDOC=''
OCAMLOPT=''
OCAML_LIBDIR=''
OPTIMIZE_OPTION=''
OS=''
PACKAGE_BUGREPORT='http://llvm.org/bugs/'
PACKAGE_NAME='LLVM'
PACKAGE_STRING='LLVM 3.3svn'
PACKAGE_TARNAME='llvm'
PACKAGE_VERSION='3.3svn'
PATH_SEPARATOR=':'
PDFROFF=''
PYTHON=''
RANLIB='x86_64-elf-redox-ranlib'
RDYNAMIC=''
RM=''
RPATH=''
SED=''
SHELL='/bin/bash'
SHLIBEXT=''
SHLIBPATH_VAR=''
TAR=''
TARGETS_TO_BUILD=''
TARGET_HAS_JIT=''
TARGET_OS=''
TWOPI=''
USE_INTEL_JITEVENTS=''
USE_OPROFILE=''
USE_UDIS86=''
XDOT_PY=''
XML2CONFIG=''
ZIP=''
ac_ct_CC=''
ac_ct_CXX=''
bindir='${exec_prefix}/bin'
build='x86_64-unknown-linux-gnu'
build_alias=''
build_cpu='x86_64'
build_os='linux-gnu'
build_vendor='unknown'
datadir='${datarootdir}'
datarootdir='${prefix}/share'
docdir='${datarootdir}/doc/${PACKAGE_TARNAME}'
dvidir='${docdir}'
exec_prefix='NONE'
host='x86_64-unknown-redox'
host_alias='x86_64-unknown-redox'
host_cpu='x86_64'
host_os='redox'
host_vendor='unknown'
htmldir='${docdir}'
ifGNUmake=''
includedir='${prefix}/include'
infodir='${datarootdir}/info'
libdir='${exec_prefix}/lib'
libexecdir='${exec_prefix}/libexec'
localedir='${datarootdir}/locale'
localstatedir='${prefix}/var'
mandir='${datarootdir}/man'
oldincludedir='/usr/include'
pdfdir='${docdir}'
prefix='/zfs/jackpot/Projects/libc/build/sysroot/usr'
program_prefix='x86_64-unknown-redox-'
program_transform_name='s,x,x,'
psdir='${docdir}'
sbindir='${exec_prefix}/sbin'
sharedstatedir='${prefix}/com'
subdirs=' projects/sample'
sysconfdir='${prefix}/etc'
target='x86_64-unknown-redox'
target_alias='x86_64-unknown-redox'
target_cpu='x86_64'
target_os='redox'
target_vendor='unknown'

## ----------- ##
## confdefs.h. ##
## ----------- ##

#define PACKAGE_NAME "LLVM"
#define PACKAGE_TARNAME "llvm"
#define PACKAGE_VERSION "3.3svn"
#define PACKAGE_STRING "LLVM 3.3svn"
#define PACKAGE_BUGREPORT "http://llvm.org/bugs/"
#define LLVM_VERSION_MAJOR 3
#define LLVM_VERSION_MINOR 3

configure: exit 1
